process 0 sent 48 integers to process: 4
process 0 sent 24 integers to process: 2
process 0 sent 12 integers to process: 1
process 0 sum = -12
process 1 received 12 integers from process: 0
process 1 sum = 5
process 1 sent 1 integers to process: 0
process 1 elapsed time = 0.012431
process 2 received 24 integers from process: 0
process 2 sent 12 integers to process: 3
process 2 sum = 16
process 3 received 12 integers from process: 2
process 0 received 1 integers from process: 1
process 3 sum = 20
process 3 sent 1 integers to process: 2
process 3 elapsed time = 0.023400
process 4 received 48 integers from process: 0
process 4 sent 24 integers to process: 6
process 4 sent 12 integers to process: 5
process 4 sum = 0
process 2 received 1 integers from process: 3
process 5 received 12 integers from process: 4
process 5 sum = 4
process 5 sent 1 integers to process: 4
process 5 elapsed time = 0.047945
process 2 sent 1 integers to process: 0
process 2 elapsed time = 0.012263
process 6 received 24 integers from process: 4
process 6 sent 12 integers to process: 7
process 6 sum = 0
process 0 received 1 integers from process: 2
process 4 received 1 integers from process: 5
process 7 received 12 integers from process: 6
process 7 sum = 13
process 7 sent 1 integers to process: 6
process 6 received 1 integers from process: 7
process 7 elapsed time = 0.052747
process 6 sent 1 integers to process: 4
process 6 elapsed time = 0.033832
process 4 received 1 integers from process: 6
process 4 sent 1 integers to process: 0
process 4 elapsed time = 0.048881
process 0 received 1 integers from process: 4
the total sum is : 46
process 0 elapsed time = 0.018822
